
ROM used: 1258 (4%)
          1258 (4%) including unused fragments

          2 Average locations per line
          14 Average locations per statement

RAM used: 27 (1%) at main() level
          52 (3%) worst case

Stack used: 11 worst case (out of 24 total available)

Lines Stmts  %   Files
----- ----- ---  -----
   50    21  24  display.c
  432     0   0  18F4550.H
  233    68  76  flex_lcd.c
----- -----
  715    89 Total

Page ROM  %  RAM   Vol Diff  Functions:
---- --- --- ---   --- ----  ----------
0     38   2   1             @delay_ms1
0     30   1   0             @const57
0     68   3   1   328  2.7  lcd_send_nibble
0     50   2   1   362  2.3  lcd_read_nibble
0     34   1   3   165  3.3  lcd_read_byte
0     66   3   3   319  4.1  lcd_send_byte
0    148   6   3   384  4.4  lcd_init
0     36   1   4   186  5.5  lcd_gotoxy
0     66   3   1   275  3.9  lcd_putc
0     14   1   0    42  1.7  externa
0     90   4   1   172  2.5  ssp_isr
0     28   1   0             @const89
0     64   3   2             @PRINTF_X_79
0     26   1   0             @const93
0     40   2   3             @DIV88
0    202   8   6             @PRINTF_D_79
0     92   4   0   226  2.3  MAIN

Program metrics:
    Functions               10
    Statements              89
    Comments                163
    Volume (V)              4040
    Difficilty (D)          31.8
    Effort to implement (E) 128525
    Time to implement (T)   1 hours, 59 minutes
    Est Delivered Bugs (B)  1
    Cyclomatic Complexity   10
    Maintainability (MI)    103

 Segment     Used  Free
-----------  ----  ----
00000-00002     4  0  
00004-00006     0  4  
00008-000A8   162  0  
000AA-07FFE  1092  31506  



